0 info it worked if it ends with ok
1 verbose cli [ '/usr/local/bin/node', '/usr/local/bin/npm', 'install' ]
2 info using npm@2.0.0
3 info using node@v0.11.14
4 verbose readDependencies using package.json deps
5 verbose install where, deps [ '/Users/Puru/Developer/Javascript/Node/Notable',
5 verbose install   [ 'koa', 'koa-route', 'swig', 'co-views', 'co-body', 'co-logger' ] ]
6 info preinstall Notable@0.0.1
7 verbose readDependencies using package.json deps
8 verbose already installed skipping co-body@>= 0.12.1 /Users/Puru/Developer/Javascript/Node/Notable
9 verbose cache add [ 'co-logger@>= 1.2.1', null ]
10 verbose cache add spec="co-logger@>= 1.2.1" args=["co-logger@>= 1.2.1",null]
11 verbose parsed spec { raw: 'co-logger@>= 1.2.1',
11 verbose parsed spec   scope: null,
11 verbose parsed spec   name: 'co-logger',
11 verbose parsed spec   rawSpec: '>= 1.2.1',
11 verbose parsed spec   spec: '>=1.2.1',
11 verbose parsed spec   type: 'range' }
12 verbose already installed skipping koa@0.12.2 /Users/Puru/Developer/Javascript/Node/Notable
13 verbose parsed spec { raw: 'co-logger@>= 1.2.1',
13 verbose parsed spec   scope: null,
13 verbose parsed spec   name: 'co-logger',
13 verbose parsed spec   rawSpec: '>= 1.2.1',
13 verbose parsed spec   spec: '>=1.2.1',
13 verbose parsed spec   type: 'range' }
14 verbose addNamed [ 'co-logger', '>=1.2.1' ]
15 verbose addNamed [ null, '>=1.2.1' ]
16 verbose already installed skipping koa-route@2.1.0 /Users/Puru/Developer/Javascript/Node/Notable
17 silly lockFile 9e90db80-co-logger-1-2-1 co-logger@>=1.2.1
18 verbose lock co-logger@>=1.2.1 /Users/Puru/.npm/9e90db80-co-logger-1-2-1.lock
19 verbose already installed skipping swig@1.4.2 /Users/Puru/Developer/Javascript/Node/Notable
20 verbose already installed skipping co-views@0.2.0 /Users/Puru/Developer/Javascript/Node/Notable
21 silly addNameRange { name: 'co-logger', range: '>=1.2.1', hasData: false }
22 verbose mapToRegistry name co-logger
23 verbose mapToRegistry uri https://registry.npmjs.org/co-logger
24 verbose registry.get https://registry.npmjs.org/co-logger not expired, no request
25 silly addNameRange number 2 { name: 'co-logger', range: '>=1.2.1', hasData: true }
26 silly addNameRange versions [ 'co-logger',
26 silly addNameRange   [ '0.0.0',
26 silly addNameRange     '0.0.1',
26 silly addNameRange     '0.0.2',
26 silly addNameRange     '0.0.3',
26 silly addNameRange     '0.0.4',
26 silly addNameRange     '0.0.5',
26 silly addNameRange     '0.0.6',
26 silly addNameRange     '0.0.7' ] ]
27 silly lockFile 9e90db80-co-logger-1-2-1 co-logger@>=1.2.1
28 silly lockFile 9e90db80-co-logger-1-2-1 co-logger@>=1.2.1
29 verbose stack Error: No compatible version found: co-logger@'>=1.2.1'
29 verbose stack Valid install targets:
29 verbose stack ["0.0.0","0.0.1","0.0.2","0.0.3","0.0.4","0.0.5","0.0.6","0.0.7"]
29 verbose stack
29 verbose stack     at installTargetsError (/usr/local/lib/node_modules/npm/lib/cache/add-named.js:258:12)
29 verbose stack     at next (/usr/local/lib/node_modules/npm/lib/cache/add-named.js:237:17)
29 verbose stack     at setData (/usr/local/lib/node_modules/npm/lib/cache/add-named.js:214:5)
29 verbose stack     at RegClient.get_ (/usr/local/lib/node_modules/npm/node_modules/npm-registry-client/lib/get.js:130:14)
29 verbose stack     at RegClient.<anonymous> (/usr/local/lib/node_modules/npm/node_modules/npm-registry-client/lib/get.js:49:12)
29 verbose stack     at evalmachine.<anonymous>:295:14
29 verbose stack     at /usr/local/lib/node_modules/npm/node_modules/graceful-fs/graceful-fs.js:102:5
29 verbose stack     at Object.oncomplete (evalmachine.<anonymous>:93:15)
30 verbose cwd /Users/Puru/Developer/Javascript/Node/Notable
31 error Darwin 13.3.0
32 error argv "/usr/local/bin/node" "/usr/local/bin/npm" "install"
33 error node v0.11.14
34 error npm  v2.0.0
35 error code ETARGET
36 error notarget No compatible version found: co-logger@'>=1.2.1'
36 error notarget Valid install targets:
36 error notarget ["0.0.0","0.0.1","0.0.2","0.0.3","0.0.4","0.0.5","0.0.6","0.0.7"]
36 error notarget
36 error notarget This is most likely not a problem with npm itself.
36 error notarget In most cases you or one of your dependencies are requesting
36 error notarget a package version that doesn't exist.
37 verbose exit [ 1, true ]
